<?xml version="1.0" encoding="utf-8"?><testsuites name="pytest tests"><testsuite name="pytest" errors="0" failures="0" skipped="0" tests="7" time="13.270" timestamp="2026-08-19T07:52:46.530349+00:00" hostname="agent-env-120ad706-e925-41b2-80c4-ee7fbfa19d93"><testcase classname="tests.test_iter47_pending_models_and_keystatus" name="test_admin_login" time="11.622" /><testcase classname="tests.test_iter47_pending_models_and_keystatus" name="test_ai_status_key_status" time="0.059" /><testcase classname="tests.test_iter47_pending_models_and_keystatus" name="test_catalog_has_pending_models" time="0.055" /><testcase classname="tests.test_iter47_pending_models_and_keystatus" name="test_approve_without_token_returns_401" time="0.226" /><testcase classname="tests.test_iter47_pending_models_and_keystatus" name="test_approve_unknown_model_returns_400" time="0.106" /><testcase classname="tests.test_iter47_pending_models_and_keystatus" name="test_approve_then_verify_and_cleanup" time="0.462" /><testcase classname="tests.test_iter47_pending_models_and_keystatus" name="test_roles_toggle_deep_on_news" time="0.232" /></testsuite></testsuites>